2020-03-06 12:14:04.562 [main] INFO  Main:34 - JAVA	|	PYTHON	|	C
2020-03-06 12:14:04.579 [main] INFO  Main:34 - ECLIPSE	|	INTELLIJ	|	JCREATOR
2020-03-06 12:14:04.829 [main] INFO  LogHelper:31 - HHH000204: Processing PersistenceUnitInfo [name: ComputerComponents]
2020-03-06 12:14:04.912 [main] INFO  Version:44 - HHH000412: Hibernate ORM core version 5.4.12.Final
2020-03-06 12:14:04.912 [main] INFO  Environment:184 - HHH000205: Loaded properties from resource hibernate.properties: {hibernate.hbm2ddl.auto=create-drop, hibernate.connection.user=sa, hibernate.dialect=org.hibernate.dialect.H2Dialect, hibernate.connection.password=****, hibernate.connection.url=jdbc:h2:mem:test, hibernate.bytecode.use_reflection_optimizer=false, hibernate.connection.driver=org.h2.Driver, hibernate.show_sql=true}
2020-03-06 12:14:05.096 [main] INFO  Version:49 - HCANN000001: Hibernate Commons Annotations {5.1.0.Final}
2020-03-06 12:14:05.529 [main] WARN  pooling:72 - HHH10001002: Using Hibernate built-in connection pool (not for production use!)
2020-03-06 12:14:05.529 [main] INFO  pooling:115 - HHH10001005: using driver [null] at URL [jdbc:h2:mem:test]
2020-03-06 12:14:05.529 [main] INFO  pooling:124 - HHH10001001: Connection properties: {password=****, driver=org.h2.Driver, user=root}
2020-03-06 12:14:05.529 [main] INFO  pooling:129 - HHH10001003: Autocommit mode: false
2020-03-06 12:14:05.529 [main] INFO  DriverManagerConnectionProviderImpl:249 - HHH000115: Hibernate connection pool size: 20 (min=1)
2020-03-06 12:14:05.712 [main] INFO  Dialect:172 - HHH000400: Using dialect: org.hibernate.dialect.H2Dialect
2020-03-06 12:14:06.546 [main] INFO  access:47 - HHH10001501: Connection obtained from JdbcConnectionAccess [org.hibernate.engine.jdbc.env.internal.JdbcEnvironmentInitiator$ConnectionProviderJdbcConnectionAccess@13803a94] for (non-JTA) DDL execution was not in auto-commit mode; the Connection 'local transaction' will be committed and the Connection will be set into auto-commit mode.
2020-03-06 12:14:06.546 [main] INFO  access:47 - HHH10001501: Connection obtained from JdbcConnectionAccess [org.hibernate.engine.jdbc.env.internal.JdbcEnvironmentInitiator$ConnectionProviderJdbcConnectionAccess@3f8dfe74] for (non-JTA) DDL execution was not in auto-commit mode; the Connection 'local transaction' will be committed and the Connection will be set into auto-commit mode.
2020-03-06 12:14:06.562 [main] INFO  JtaPlatformInitiator:52 - HHH000490: Using JtaPlatform implementation: [org.hibernate.engine.transaction.jta.platform.internal.NoJtaPlatform]
2020-03-06 12:14:07.012 [main] INFO  LogHelper:31 - HHH000204: Processing PersistenceUnitInfo [name: ComputerComponents]
2020-03-06 12:14:07.046 [main] WARN  pooling:72 - HHH10001002: Using Hibernate built-in connection pool (not for production use!)
2020-03-06 12:14:07.046 [main] INFO  pooling:115 - HHH10001005: using driver [null] at URL [jdbc:h2:mem:test]
2020-03-06 12:14:07.046 [main] INFO  pooling:124 - HHH10001001: Connection properties: {password=****, driver=org.h2.Driver, user=root}
2020-03-06 12:14:07.046 [main] INFO  pooling:129 - HHH10001003: Autocommit mode: false
2020-03-06 12:14:07.046 [main] INFO  DriverManagerConnectionProviderImpl:249 - HHH000115: Hibernate connection pool size: 20 (min=1)
2020-03-06 12:14:07.046 [main] INFO  Dialect:172 - HHH000400: Using dialect: org.hibernate.dialect.H2Dialect
2020-03-06 12:14:07.162 [main] INFO  access:47 - HHH10001501: Connection obtained from JdbcConnectionAccess [org.hibernate.engine.jdbc.env.internal.JdbcEnvironmentInitiator$ConnectionProviderJdbcConnectionAccess@4ae8fb2a] for (non-JTA) DDL execution was not in auto-commit mode; the Connection 'local transaction' will be committed and the Connection will be set into auto-commit mode.
2020-03-06 12:14:07.180 [main] INFO  access:47 - HHH10001501: Connection obtained from JdbcConnectionAccess [org.hibernate.engine.jdbc.env.internal.JdbcEnvironmentInitiator$ConnectionProviderJdbcConnectionAccess@6c5ca0b6] for (non-JTA) DDL execution was not in auto-commit mode; the Connection 'local transaction' will be committed and the Connection will be set into auto-commit mode.
2020-03-06 12:14:07.180 [main] INFO  JtaPlatformInitiator:52 - HHH000490: Using JtaPlatform implementation: [org.hibernate.engine.transaction.jta.platform.internal.NoJtaPlatform]
